<?xml version="1.0" encoding="UTF-8"?>
<!-- Generated by org.testng.reporters.JUnitReportReporter -->
<testsuite skipped="0" hostname="DESKTOP-12PDVSG" name="org.rest.api.learn.GetAllIncidentWithJsonParse" tests="1" failures="0" timestamp="2022-04-27T11:37:10 IST" time="5.999" errors="0">
  <testcase name="getIncidents" time="5.999" classname="org.rest.api.learn.GetAllIncidentWithJsonParse"/>
  <system-out/>
</testsuite> <!-- org.rest.api.learn.GetAllIncidentWithJsonParse -->
