<?xml version="1.0" encoding="UTF-8"?>
<!-- Generated by org.testng.reporters.JUnitReportReporter -->
<testsuite skipped="0" hostname="DESKTOP-12PDVSG" name="org.rest.api.learn.GetAllIncidentWithParams" tests="1" failures="0" timestamp="2022-04-27T10:54:21 IST" time="5.754" errors="0">
  <testcase name="getIncidents" time="5.754" classname="org.rest.api.learn.GetAllIncidentWithParams"/>
  <system-out/>
</testsuite> <!-- org.rest.api.learn.GetAllIncidentWithParams -->
