<?xml version="1.0" encoding="UTF-8"?>
<!-- Generated by org.testng.reporters.JUnitReportReporter -->
<testsuite skipped="0" hostname="DESKTOP-12PDVSG" name="runner.CucumberRunner" tests="1" failures="0" timestamp="2022-05-20T15:10:13 IST" time="8.013" errors="0">
  <testcase name="runScenario" time="8.013" classname="runner.CucumberRunner"/>
  <system-out/>
</testsuite> <!-- runner.CucumberRunner -->
