<?xml version="1.0" encoding="UTF-8"?>
<!-- Generated by org.testng.reporters.JUnitReportReporter -->
<testsuite skipped="0" hostname="DESKTOP-12PDVSG" name="org.rest.api.learn.GetAllHeadersWithResponse" tests="1" failures="0" timestamp="2022-05-13T21:13:34 IST" time="4.818" errors="0">
  <testcase name="getAllHeaderDetails" time="4.818" classname="org.rest.api.learn.GetAllHeadersWithResponse"/>
  <system-out/>
</testsuite> <!-- org.rest.api.learn.GetAllHeadersWithResponse -->
