<?xml version="1.0" encoding="UTF-8"?>
<!-- Generated by org.testng.reporters.JUnitReportReporter -->
<testsuite skipped="0" hostname="DESKTOP-12PDVSG" name="org.chaining.rest.id.DeleteIncident" tests="1" failures="0" timestamp="2022-05-16T10:21:51 IST" time="3.746" errors="0">
  <testcase name="deleteSelectIncident" time="3.746" classname="org.chaining.rest.id.DeleteIncident"/>
  <system-out/>
</testsuite> <!-- org.chaining.rest.id.DeleteIncident -->
