<?xml version="1.0" encoding="UTF-8"?>
<!-- Generated by org.testng.reporters.JUnitReportReporter -->
<testsuite skipped="0" hostname="DESKTOP-12PDVSG" name="org.chaining.rest.id.GetIncident" tests="1" failures="0" timestamp="2022-05-16T10:21:51 IST" time="9.771" errors="0">
  <testcase name="getIncident" time="9.771" classname="org.chaining.rest.id.GetIncident"/>
  <system-out/>
</testsuite> <!-- org.chaining.rest.id.GetIncident -->
