<?xml version="1.0" encoding="UTF-8"?>
<!-- Generated by org.testng.reporters.JUnitReportReporter -->
<testsuite hostname="DESKTOP-12PDVSG" failures="0" tests="1" name="org.neuralrays.base.PreAndPostRequest" time="5.897" errors="0" timestamp="2022-04-08T23:13:29 IST" skipped="0">
  <testcase classname="org.neuralrays.base.PreAndPostRequest" name="GetAllDetails" time="5.897"/>
  <system-out/>
</testsuite> <!-- org.neuralrays.base.PreAndPostRequest -->
