<?xml version="1.0" encoding="UTF-8"?>
<!-- Generated by org.testng.reporters.JUnitReportReporter -->
<testsuite skipped="0" hostname="DESKTOP-12PDVSG" name="org.rest.api.learn.GetAllIncident" tests="1" failures="0" timestamp="2022-04-27T10:45:40 IST" time="6.892" errors="0">
  <testcase name="getIncidents" time="6.892" classname="org.rest.api.learn.GetAllIncident"/>
  <system-out/>
</testsuite> <!-- org.rest.api.learn.GetAllIncident -->
