<?xml version="1.0" encoding="UTF-8"?>
<!-- Generated by org.testng.reporters.JUnitReportReporter -->
<testsuite hostname="DESKTOP-12PDVSG" failures="0" tests="1" name="org.neuralrays.base.GetAllIncidentinXML" time="7.568" errors="0" timestamp="2022-03-03T22:24:59 IST" skipped="0">
  <testcase classname="org.neuralrays.base.GetAllIncidentinXML" name="getIncidentsXML" time="7.568"/>
  <system-out/>
</testsuite> <!-- org.neuralrays.base.GetAllIncidentinXML -->
