<?xml version="1.0" encoding="UTF-8"?>
<!-- Generated by org.testng.reporters.JUnitReportReporter -->
<testsuite hostname="DESKTOP-12PDVSG" failures="0" tests="1" name="org.neuralrays.base.GetAllIncident" time="6.899" errors="0" timestamp="2022-04-08T23:09:59 IST" skipped="0">
  <testcase classname="org.neuralrays.base.GetAllIncident" name="getIncidents" time="6.899"/>
  <system-out/>
</testsuite> <!-- org.neuralrays.base.GetAllIncident -->
